Analysis & Synthesis report for cpu_3
Wed Mar 17 02:01:55 2021
Quartus Prime Version 18.1.0 Build 625 09/12/2018 SJ Lite Edition


---------------------
; Table of Contents ;
---------------------
  1. Legal Notice
  2. Analysis & Synthesis Summary
  3. Analysis & Synthesis Settings
  4. Parallel Compilation
  5. Analysis & Synthesis Source Files Read
  6. Analysis & Synthesis Resource Usage Summary
  7. Analysis & Synthesis Resource Utilization by Entity
  8. Analysis & Synthesis RAM Summary
  9. Analysis & Synthesis IP Cores Summary
 10. General Register Statistics
 11. Multiplexer Restructuring Statistics (Restructuring Performed)
 12. Source assignments for cpu_dec:C2|cpu15_mega_ram:C1|fetch_rom:C2|altsyncram:altsyncram_component|altsyncram_ku14:auto_generated
 13. Source assignments for cpu_dec:C2|cpu15_mega_ram:C1|mega_ram:C8|ram_init:C1|altsyncram:altsyncram_component|altsyncram_a504:auto_generated
 14. Parameter Settings for User Entity Instance: cpu_dec:C2|cpu15_mega_ram:C1|fetch_rom:C2|altsyncram:altsyncram_component
 15. Parameter Settings for User Entity Instance: cpu_dec:C2|cpu15_mega_ram:C1|mega_ram:C8|ram_init:C1|altsyncram:altsyncram_component
 16. altsyncram Parameter Settings by Entity Instance
 17. Port Connectivity Checks: "cpu_dec:C2|cpu15_mega_ram:C1|mega_ram:C8"
 18. Port Connectivity Checks: "cpu_dec:C2|cpu15_mega_ram:C1|reg_dc:C5"
 19. Port Connectivity Checks: "cpu_dec:C2|cpu15_mega_ram:C1"
 20. Post-Synthesis Netlist Statistics for Top Partition
 21. Elapsed Time Per Partition
 22. Analysis & Synthesis Messages



----------------
; Legal Notice ;
----------------
Copyright (C) 2018  Intel Corporation. All rights reserved.
Your use of Intel Corporation's design tools, logic functions 
and other software and tools, and its AMPP partner logic 
functions, and any output files from any of the foregoing 
(including device programming or simulation files), and any 
associated documentation or information are expressly subject 
to the terms and conditions of the Intel Program License 
Subscription Agreement, the Intel Quartus Prime License Agreement,
the Intel FPGA IP License Agreement, or other applicable license
agreement, including, without limitation, that your use is for
the sole purpose of programming logic devices manufactured by
Intel and sold by Intel or its authorized distributors.  Please
refer to the applicable agreement for further details.



+-------------------------------------------------------------------------------+
; Analysis & Synthesis Summary                                                  ;
+---------------------------------+---------------------------------------------+
; Analysis & Synthesis Status     ; Successful - Wed Mar 17 02:01:55 2021       ;
; Quartus Prime Version           ; 18.1.0 Build 625 09/12/2018 SJ Lite Edition ;
; Revision Name                   ; cpu_3                                       ;
; Top-level Entity Name           ; cpu_dec_slow                                ;
; Family                          ; Cyclone V                                   ;
; Logic utilization (in ALMs)     ; N/A                                         ;
; Total registers                 ; 261                                         ;
; Total pins                      ; 69                                          ;
; Total virtual pins              ; 0                                           ;
; Total block memory bits         ; 4,864                                       ;
; Total DSP Blocks                ; 0                                           ;
; Total HSSI RX PCSs              ; 0                                           ;
; Total HSSI PMA RX Deserializers ; 0                                           ;
; Total HSSI TX PCSs              ; 0                                           ;
; Total HSSI PMA TX Serializers   ; 0                                           ;
; Total PLLs                      ; 0                                           ;
; Total DLLs                      ; 0                                           ;
+---------------------------------+---------------------------------------------+


+---------------------------------------------------------------------------------------------------------------------------+
; Analysis & Synthesis Settings                                                                                             ;
+---------------------------------------------------------------------------------+--------------------+--------------------+
; Option                                                                          ; Setting            ; Default Value      ;
+---------------------------------------------------------------------------------+--------------------+--------------------+
; Device                                                                          ; 5CEBA4F23C7        ;                    ;
; Top-level entity name                                                           ; cpu_dec_slow       ; cpu_3              ;
; Family name                                                                     ; Cyclone V          ; Cyclone V          ;
; Use smart compilation                                                           ; Off                ; Off                ;
; Enable parallel Assembler and Timing Analyzer during compilation                ; On                 ; On                 ;
; Enable compact report table                                                     ; Off                ; Off                ;
; Restructure Multiplexers                                                        ; Auto               ; Auto               ;
; MLAB Add Timing Constraints For Mixed-Port Feed-Through Mode Setting Don't Care ; Off                ; Off                ;
; Create Debugging Nodes for IP Cores                                             ; Off                ; Off                ;
; Preserve fewer node names                                                       ; On                 ; On                 ;
; Intel FPGA IP Evaluation Mode                                                   ; Enable             ; Enable             ;
; Verilog Version                                                                 ; Verilog_2001       ; Verilog_2001       ;
; VHDL Version                                                                    ; VHDL_1993          ; VHDL_1993          ;
; State Machine Processing                                                        ; Auto               ; Auto               ;
; Safe State Machine                                                              ; Off                ; Off                ;
; Extract Verilog State Machines                                                  ; On                 ; On                 ;
; Extract VHDL State Machines                                                     ; On                 ; On                 ;
; Ignore Verilog initial constructs                                               ; Off                ; Off                ;
; Iteration limit for constant Verilog loops                                      ; 5000               ; 5000               ;
; Iteration limit for non-constant Verilog loops                                  ; 250                ; 250                ;
; Add Pass-Through Logic to Inferred RAMs                                         ; On                 ; On                 ;
; Infer RAMs from Raw Logic                                                       ; On                 ; On                 ;
; Parallel Synthesis                                                              ; On                 ; On                 ;
; DSP Block Balancing                                                             ; Auto               ; Auto               ;
; NOT Gate Push-Back                                                              ; On                 ; On                 ;
; Power-Up Don't Care                                                             ; On                 ; On                 ;
; Remove Redundant Logic Cells                                                    ; Off                ; Off                ;
; Remove Duplicate Registers                                                      ; On                 ; On                 ;
; Ignore CARRY Buffers                                                            ; Off                ; Off                ;
; Ignore CASCADE Buffers                                                          ; Off                ; Off                ;
; Ignore GLOBAL Buffers                                                           ; Off                ; Off                ;
; Ignore ROW GLOBAL Buffers                                                       ; Off                ; Off                ;
; Ignore LCELL Buffers                                                            ; Off                ; Off                ;
; Ignore SOFT Buffers                                                             ; On                 ; On                 ;
; Limit AHDL Integers to 32 Bits                                                  ; Off                ; Off                ;
; Optimization Technique                                                          ; Balanced           ; Balanced           ;
; Carry Chain Length                                                              ; 70                 ; 70                 ;
; Auto Carry Chains                                                               ; On                 ; On                 ;
; Auto Open-Drain Pins                                                            ; On                 ; On                 ;
; Perform WYSIWYG Primitive Resynthesis                                           ; Off                ; Off                ;
; Auto ROM Replacement                                                            ; On                 ; On                 ;
; Auto RAM Replacement                                                            ; On                 ; On                 ;
; Auto DSP Block Replacement                                                      ; On                 ; On                 ;
; Auto Shift Register Replacement                                                 ; Auto               ; Auto               ;
; Allow Shift Register Merging across Hierarchies                                 ; Auto               ; Auto               ;
; Auto Clock Enable Replacement                                                   ; On                 ; On                 ;
; Strict RAM Replacement                                                          ; Off                ; Off                ;
; Allow Synchronous Control Signals                                               ; On                 ; On                 ;
; Force Use of Synchronous Clear Signals                                          ; Off                ; Off                ;
; Auto Resource Sharing                                                           ; Off                ; Off                ;
; Allow Any RAM Size For Recognition                                              ; Off                ; Off                ;
; Allow Any ROM Size For Recognition                                              ; Off                ; Off                ;
; Allow Any Shift Register Size For Recognition                                   ; Off                ; Off                ;
; Use LogicLock Constraints during Resource Balancing                             ; On                 ; On                 ;
; Ignore translate_off and synthesis_off directives                               ; Off                ; Off                ;
; Timing-Driven Synthesis                                                         ; On                 ; On                 ;
; Report Parameter Settings                                                       ; On                 ; On                 ;
; Report Source Assignments                                                       ; On                 ; On                 ;
; Report Connectivity Checks                                                      ; On                 ; On                 ;
; Ignore Maximum Fan-Out Assignments                                              ; Off                ; Off                ;
; Synchronization Register Chain Length                                           ; 3                  ; 3                  ;
; Power Optimization During Synthesis                                             ; Normal compilation ; Normal compilation ;
; HDL message level                                                               ; Level2             ; Level2             ;
; Suppress Register Optimization Related Messages                                 ; Off                ; Off                ;
; Number of Removed Registers Reported in Synthesis Report                        ; 5000               ; 5000               ;
; Number of Swept Nodes Reported in Synthesis Report                              ; 5000               ; 5000               ;
; Number of Inverted Registers Reported in Synthesis Report                       ; 100                ; 100                ;
; Clock MUX Protection                                                            ; On                 ; On                 ;
; Auto Gated Clock Conversion                                                     ; Off                ; Off                ;
; Block Design Naming                                                             ; Auto               ; Auto               ;
; SDC constraint protection                                                       ; Off                ; Off                ;
; Synthesis Effort                                                                ; Auto               ; Auto               ;
; Shift Register Replacement - Allow Asynchronous Clear Signal                    ; On                 ; On                 ;
; Pre-Mapping Resynthesis Optimization                                            ; Off                ; Off                ;
; Analysis & Synthesis Message Level                                              ; Medium             ; Medium             ;
; Disable Register Merging Across Hierarchies                                     ; Auto               ; Auto               ;
; Resource Aware Inference For Block RAM                                          ; On                 ; On                 ;
; Automatic Parallel Synthesis                                                    ; On                 ; On                 ;
; Partial Reconfiguration Bitstream ID                                            ; Off                ; Off                ;
+---------------------------------------------------------------------------------+--------------------+--------------------+


+------------------------------------------+
; Parallel Compilation                     ;
+----------------------------+-------------+
; Processors                 ; Number      ;
+----------------------------+-------------+
; Number detected on machine ; 12          ;
; Maximum allowed            ; 6           ;
;                            ;             ;
; Average used               ; 1.00        ;
; Maximum used               ; 6           ;
;                            ;             ;
; Usage by Processor         ; % Time Used ;
;     Processor 1            ; 100.0%      ;
;     Processors 2-6         ;   0.0%      ;
+----------------------------+-------------+


+--------------------------------------------------------------------------------------------------------------------------------------------------------------------------------------+
; Analysis & Synthesis Source Files Read                                                                                                                                               ;
+----------------------------------+-----------------+----------------------------------------+------------------------------------------------------------------------------+---------+
; File Name with User-Entered Path ; Used in Netlist ; File Type                              ; File Name with Absolute Path                                                 ; Library ;
+----------------------------------+-----------------+----------------------------------------+------------------------------------------------------------------------------+---------+
; cpu15_mega_ram.vhd               ; yes             ; User VHDL File                         ; E:/fpga_workspace/cpu_3/cpu15_mega_ram.vhd                                   ;         ;
; mega_ram.vhd                     ; yes             ; User VHDL File                         ; E:/fpga_workspace/cpu_3/mega_ram.vhd                                         ;         ;
; fetch_rom.vhd                    ; yes             ; User Wizard-Generated File             ; E:/fpga_workspace/cpu_3/fetch_rom.vhd                                        ;         ;
; segment_decoder.vhd              ; yes             ; User VHDL File                         ; E:/fpga_workspace/cpu_3/segment_decoder.vhd                                  ;         ;
; reg_wb.vhd                       ; yes             ; User VHDL File                         ; E:/fpga_workspace/cpu_3/reg_wb.vhd                                           ;         ;
; reg_dc.vhd                       ; yes             ; User VHDL File                         ; E:/fpga_workspace/cpu_3/reg_dc.vhd                                           ;         ;
; exec.vhd                         ; yes             ; User VHDL File                         ; E:/fpga_workspace/cpu_3/exec.vhd                                             ;         ;
; decode.vhd                       ; yes             ; User VHDL File                         ; E:/fpga_workspace/cpu_3/decode.vhd                                           ;         ;
; cpu_dec_slow.vhd                 ; yes             ; User VHDL File                         ; E:/fpga_workspace/cpu_3/cpu_dec_slow.vhd                                     ;         ;
; cpu_dec.vhd                      ; yes             ; User VHDL File                         ; E:/fpga_workspace/cpu_3/cpu_dec.vhd                                          ;         ;
; clk_gen.vhd                      ; yes             ; User VHDL File                         ; E:/fpga_workspace/cpu_3/clk_gen.vhd                                          ;         ;
; clk_down.vhd                     ; yes             ; User VHDL File                         ; E:/fpga_workspace/cpu_3/clk_down.vhd                                         ;         ;
; bin_dec10000.vhd                 ; yes             ; User VHDL File                         ; E:/fpga_workspace/cpu_3/bin_dec10000.vhd                                     ;         ;
; bin_dec1000.vhd                  ; yes             ; User VHDL File                         ; E:/fpga_workspace/cpu_3/bin_dec1000.vhd                                      ;         ;
; bin_dec100.vhd                   ; yes             ; User VHDL File                         ; E:/fpga_workspace/cpu_3/bin_dec100.vhd                                       ;         ;
; bin_dec10.vhd                    ; yes             ; User VHDL File                         ; E:/fpga_workspace/cpu_3/bin_dec10.vhd                                        ;         ;
; ram_init.vhd                     ; yes             ; User Wizard-Generated File             ; E:/fpga_workspace/cpu_3/ram_init.vhd                                         ;         ;
; altsyncram.tdf                   ; yes             ; Megafunction                           ; c:/intelfpga_lite/18.1/quartus/libraries/megafunctions/altsyncram.tdf        ;         ;
; stratix_ram_block.inc            ; yes             ; Megafunction                           ; c:/intelfpga_lite/18.1/quartus/libraries/megafunctions/stratix_ram_block.inc ;         ;
; lpm_mux.inc                      ; yes             ; Megafunction                           ; c:/intelfpga_lite/18.1/quartus/libraries/megafunctions/lpm_mux.inc           ;         ;
; lpm_decode.inc                   ; yes             ; Megafunction                           ; c:/intelfpga_lite/18.1/quartus/libraries/megafunctions/lpm_decode.inc        ;         ;
; aglobal181.inc                   ; yes             ; Megafunction                           ; c:/intelfpga_lite/18.1/quartus/libraries/megafunctions/aglobal181.inc        ;         ;
; a_rdenreg.inc                    ; yes             ; Megafunction                           ; c:/intelfpga_lite/18.1/quartus/libraries/megafunctions/a_rdenreg.inc         ;         ;
; altrom.inc                       ; yes             ; Megafunction                           ; c:/intelfpga_lite/18.1/quartus/libraries/megafunctions/altrom.inc            ;         ;
; altram.inc                       ; yes             ; Megafunction                           ; c:/intelfpga_lite/18.1/quartus/libraries/megafunctions/altram.inc            ;         ;
; altdpram.inc                     ; yes             ; Megafunction                           ; c:/intelfpga_lite/18.1/quartus/libraries/megafunctions/altdpram.inc          ;         ;
; db/altsyncram_ku14.tdf           ; yes             ; Auto-Generated Megafunction            ; E:/fpga_workspace/cpu_3/db/altsyncram_ku14.tdf                               ;         ;
; cpu15.mif                        ; yes             ; Auto-Found Memory Initialization File  ; E:/fpga_workspace/cpu_3/cpu15.mif                                            ;         ;
; db/altsyncram_a504.tdf           ; yes             ; Auto-Generated Megafunction            ; E:/fpga_workspace/cpu_3/db/altsyncram_a504.tdf                               ;         ;
+----------------------------------+-----------------+----------------------------------------+------------------------------------------------------------------------------+---------+


+-------------------------------------------------------------+
; Analysis & Synthesis Resource Usage Summary                 ;
+---------------------------------------------+---------------+
; Resource                                    ; Usage         ;
+---------------------------------------------+---------------+
; Estimate of Logic utilization (ALMs needed) ; 403           ;
;                                             ;               ;
; Combinational ALUT usage for logic          ; 589           ;
;     -- 7 input functions                    ; 9             ;
;     -- 6 input functions                    ; 188           ;
;     -- 5 input functions                    ; 70            ;
;     -- 4 input functions                    ; 76            ;
;     -- <=3 input functions                  ; 246           ;
;                                             ;               ;
; Dedicated logic registers                   ; 261           ;
;                                             ;               ;
; I/O pins                                    ; 69            ;
; Total MLAB memory bits                      ; 0             ;
; Total block memory bits                     ; 4864          ;
;                                             ;               ;
; Total DSP Blocks                            ; 0             ;
;                                             ;               ;
; Maximum fan-out node                        ; RESET_N~input ;
; Maximum fan-out                             ; 152           ;
; Total fan-out                               ; 3709          ;
; Average fan-out                             ; 3.64          ;
+---------------------------------------------+---------------+


+----------------------------------------------------------------------------------------------------------------------------------------------------------------------------------------------------------------------------------------------------------------------------------------------------------------------------------+
; Analysis & Synthesis Resource Utilization by Entity                                                                                                                                                                                                                                                                              ;
+----------------------------------------------------+---------------------+---------------------------+-------------------+------------+------+--------------+-----------------------------------------------------------------------------------------------------------------------------------+-----------------+--------------+
; Compilation Hierarchy Node                         ; Combinational ALUTs ; Dedicated Logic Registers ; Block Memory Bits ; DSP Blocks ; Pins ; Virtual Pins ; Full Hierarchy Name                                                                                                               ; Entity Name     ; Library Name ;
+----------------------------------------------------+---------------------+---------------------------+-------------------+------------+------+--------------+-----------------------------------------------------------------------------------------------------------------------------------+-----------------+--------------+
; |cpu_dec_slow                                      ; 589 (0)             ; 261 (0)                   ; 4864              ; 0          ; 69   ; 0            ; |cpu_dec_slow                                                                                                                     ; cpu_dec_slow    ; work         ;
;    |clk_down:C1|                                   ; 21 (21)             ; 21 (21)                   ; 0                 ; 0          ; 0    ; 0            ; |cpu_dec_slow|clk_down:C1                                                                                                         ; clk_down        ; work         ;
;    |cpu_dec:C2|                                    ; 568 (0)             ; 240 (0)                   ; 4864              ; 0          ; 0    ; 0            ; |cpu_dec_slow|cpu_dec:C2                                                                                                          ; cpu_dec         ; work         ;
;       |bin_dec10000:C2|                            ; 110 (110)           ; 0 (0)                     ; 0                 ; 0          ; 0    ; 0            ; |cpu_dec_slow|cpu_dec:C2|bin_dec10000:C2                                                                                          ; bin_dec10000    ; work         ;
;       |bin_dec1000:C3|                             ; 118 (118)           ; 0 (0)                     ; 0                 ; 0          ; 0    ; 0            ; |cpu_dec_slow|cpu_dec:C2|bin_dec1000:C3                                                                                           ; bin_dec1000     ; work         ;
;       |bin_dec100:C4|                              ; 49 (49)             ; 0 (0)                     ; 0                 ; 0          ; 0    ; 0            ; |cpu_dec_slow|cpu_dec:C2|bin_dec100:C4                                                                                            ; bin_dec100      ; work         ;
;       |bin_dec10:C5|                               ; 7 (7)               ; 0 (0)                     ; 0                 ; 0          ; 0    ; 0            ; |cpu_dec_slow|cpu_dec:C2|bin_dec10:C5                                                                                             ; bin_dec10       ; work         ;
;       |cpu15_mega_ram:C1|                          ; 248 (0)             ; 240 (0)                   ; 4864              ; 0          ; 0    ; 0            ; |cpu_dec_slow|cpu_dec:C2|cpu15_mega_ram:C1                                                                                        ; cpu15_mega_ram  ; work         ;
;          |clk_gen:C1|                              ; 6 (6)               ; 6 (6)                     ; 0                 ; 0          ; 0    ; 0            ; |cpu_dec_slow|cpu_dec:C2|cpu15_mega_ram:C1|clk_gen:C1                                                                             ; clk_gen         ; work         ;
;          |decode:C3|                               ; 0 (0)               ; 12 (12)                   ; 0                 ; 0          ; 0    ; 0            ; |cpu_dec_slow|cpu_dec:C2|cpu15_mega_ram:C1|decode:C3                                                                              ; decode          ; work         ;
;          |exec:C6|                                 ; 135 (135)           ; 43 (43)                   ; 0                 ; 0          ; 0    ; 0            ; |cpu_dec_slow|cpu_dec:C2|cpu15_mega_ram:C1|exec:C6                                                                                ; exec            ; work         ;
;          |fetch_rom:C2|                            ; 0 (0)               ; 0 (0)                     ; 3840              ; 0          ; 0    ; 0            ; |cpu_dec_slow|cpu_dec:C2|cpu15_mega_ram:C1|fetch_rom:C2                                                                           ; fetch_rom       ; work         ;
;             |altsyncram:altsyncram_component|      ; 0 (0)               ; 0 (0)                     ; 3840              ; 0          ; 0    ; 0            ; |cpu_dec_slow|cpu_dec:C2|cpu15_mega_ram:C1|fetch_rom:C2|altsyncram:altsyncram_component                                           ; altsyncram      ; work         ;
;                |altsyncram_ku14:auto_generated|    ; 0 (0)               ; 0 (0)                     ; 3840              ; 0          ; 0    ; 0            ; |cpu_dec_slow|cpu_dec:C2|cpu15_mega_ram:C1|fetch_rom:C2|altsyncram:altsyncram_component|altsyncram_ku14:auto_generated            ; altsyncram_ku14 ; work         ;
;          |mega_ram:C8|                             ; 3 (3)               ; 16 (16)                   ; 1024              ; 0          ; 0    ; 0            ; |cpu_dec_slow|cpu_dec:C2|cpu15_mega_ram:C1|mega_ram:C8                                                                            ; mega_ram        ; work         ;
;             |ram_init:C1|                          ; 0 (0)               ; 0 (0)                     ; 1024              ; 0          ; 0    ; 0            ; |cpu_dec_slow|cpu_dec:C2|cpu15_mega_ram:C1|mega_ram:C8|ram_init:C1                                                                ; ram_init        ; work         ;
;                |altsyncram:altsyncram_component|   ; 0 (0)               ; 0 (0)                     ; 1024              ; 0          ; 0    ; 0            ; |cpu_dec_slow|cpu_dec:C2|cpu15_mega_ram:C1|mega_ram:C8|ram_init:C1|altsyncram:altsyncram_component                                ; altsyncram      ; work         ;
;                   |altsyncram_a504:auto_generated| ; 0 (0)               ; 0 (0)                     ; 1024              ; 0          ; 0    ; 0            ; |cpu_dec_slow|cpu_dec:C2|cpu15_mega_ram:C1|mega_ram:C8|ram_init:C1|altsyncram:altsyncram_component|altsyncram_a504:auto_generated ; altsyncram_a504 ; work         ;
;          |reg_dc:C4|                               ; 48 (48)             ; 19 (19)                   ; 0                 ; 0          ; 0    ; 0            ; |cpu_dec_slow|cpu_dec:C2|cpu15_mega_ram:C1|reg_dc:C4                                                                              ; reg_dc          ; work         ;
;          |reg_dc:C5|                               ; 48 (48)             ; 16 (16)                   ; 0                 ; 0          ; 0    ; 0            ; |cpu_dec_slow|cpu_dec:C2|cpu15_mega_ram:C1|reg_dc:C5                                                                              ; reg_dc          ; work         ;
;          |reg_wb:C7|                               ; 8 (8)               ; 128 (128)                 ; 0                 ; 0          ; 0    ; 0            ; |cpu_dec_slow|cpu_dec:C2|cpu15_mega_ram:C1|reg_wb:C7                                                                              ; reg_wb          ; work         ;
;       |segment_decoder:C10|                        ; 7 (7)               ; 0 (0)                     ; 0                 ; 0          ; 0    ; 0            ; |cpu_dec_slow|cpu_dec:C2|segment_decoder:C10                                                                                      ; segment_decoder ; work         ;
;       |segment_decoder:C6|                         ; 7 (7)               ; 0 (0)                     ; 0                 ; 0          ; 0    ; 0            ; |cpu_dec_slow|cpu_dec:C2|segment_decoder:C6                                                                                       ; segment_decoder ; work         ;
;       |segment_decoder:C7|                         ; 8 (8)               ; 0 (0)                     ; 0                 ; 0          ; 0    ; 0            ; |cpu_dec_slow|cpu_dec:C2|segment_decoder:C7                                                                                       ; segment_decoder ; work         ;
;       |segment_decoder:C8|                         ; 7 (7)               ; 0 (0)                     ; 0                 ; 0          ; 0    ; 0            ; |cpu_dec_slow|cpu_dec:C2|segment_decoder:C8                                                                                       ; segment_decoder ; work         ;
;       |segment_decoder:C9|                         ; 7 (7)               ; 0 (0)                     ; 0                 ; 0          ; 0    ; 0            ; |cpu_dec_slow|cpu_dec:C2|segment_decoder:C9                                                                                       ; segment_decoder ; work         ;
+----------------------------------------------------+---------------------+---------------------------+-------------------+------------+------+--------------+-----------------------------------------------------------------------------------------------------------------------------------+-----------------+--------------+
Note: For table entries with two numbers listed, the numbers in parentheses indicate the number of resources of the given type used by the specific entity alone. The numbers listed outside of parentheses indicate the total resources of the given type used by the specific entity and all of its sub-entities in the hierarchy.


+------------------------------------------------------------------------------------------------------------------------------------------------------------------------------------------------------------------------------------+
; Analysis & Synthesis RAM Summary                                                                                                                                                                                                   ;
+--------------------------------------------------------------------------------------------------------------------------------+------+-------------+--------------+--------------+--------------+--------------+------+-----------+
; Name                                                                                                                           ; Type ; Mode        ; Port A Depth ; Port A Width ; Port B Depth ; Port B Width ; Size ; MIF       ;
+--------------------------------------------------------------------------------------------------------------------------------+------+-------------+--------------+--------------+--------------+--------------+------+-----------+
; cpu_dec:C2|cpu15_mega_ram:C1|fetch_rom:C2|altsyncram:altsyncram_component|altsyncram_ku14:auto_generated|ALTSYNCRAM            ; AUTO ; ROM         ; 256          ; 15           ; --           ; --           ; 3840 ; cpu15.mif ;
; cpu_dec:C2|cpu15_mega_ram:C1|mega_ram:C8|ram_init:C1|altsyncram:altsyncram_component|altsyncram_a504:auto_generated|ALTSYNCRAM ; AUTO ; Single Port ; 64           ; 16           ; --           ; --           ; 1024 ; None      ;
+--------------------------------------------------------------------------------------------------------------------------------+------+-------------+--------------+--------------+--------------+--------------+------+-----------+


+------------------------------------------------------------------------------------------------------------------------------------------------------+
; Analysis & Synthesis IP Cores Summary                                                                                                                ;
+--------+--------------+---------+--------------+--------------+--------------------------------------------------------------------+-----------------+
; Vendor ; IP Core Name ; Version ; Release Date ; License Type ; Entity Instance                                                    ; IP Include File ;
+--------+--------------+---------+--------------+--------------+--------------------------------------------------------------------+-----------------+
; Altera ; RAM: 1-PORT  ; 18.1    ; N/A          ; N/A          ; |cpu_dec_slow|cpu_dec:C2|cpu15_mega_ram:C1|mega_ram:C8|ram_init:C1 ; ram_init.vhd    ;
+--------+--------------+---------+--------------+--------------+--------------------------------------------------------------------+-----------------+


+------------------------------------------------------+
; General Register Statistics                          ;
+----------------------------------------------+-------+
; Statistic                                    ; Value ;
+----------------------------------------------+-------+
; Total registers                              ; 261   ;
; Number of registers using Synchronous Clear  ; 146   ;
; Number of registers using Synchronous Load   ; 8     ;
; Number of registers using Asynchronous Clear ; 0     ;
; Number of registers using Asynchronous Load  ; 0     ;
; Number of registers using Clock Enable       ; 186   ;
; Number of registers using Preset             ; 0     ;
+----------------------------------------------+-------+


+--------------------------------------------------------------------------------------------------------------------------------------------------------------------------------+
; Multiplexer Restructuring Statistics (Restructuring Performed)                                                                                                                 ;
+--------------------+-----------+---------------+----------------------+------------------------+------------+------------------------------------------------------------------+
; Multiplexer Inputs ; Bus Width ; Baseline Area ; Area if Restructured ; Saving if Restructured ; Registered ; Example Multiplexer Output                                       ;
+--------------------+-----------+---------------+----------------------+------------------------+------------+------------------------------------------------------------------+
; 3:1                ; 16 bits   ; 32 LEs        ; 0 LEs                ; 32 LEs                 ; Yes        ; |cpu_dec_slow|cpu_dec:C2|cpu15_mega_ram:C1|reg_wb:C7|REG_0[5]    ;
; 3:1                ; 16 bits   ; 32 LEs        ; 0 LEs                ; 32 LEs                 ; Yes        ; |cpu_dec_slow|cpu_dec:C2|cpu15_mega_ram:C1|reg_wb:C7|REG_1[3]    ;
; 3:1                ; 16 bits   ; 32 LEs        ; 0 LEs                ; 32 LEs                 ; Yes        ; |cpu_dec_slow|cpu_dec:C2|cpu15_mega_ram:C1|reg_wb:C7|REG_2[10]   ;
; 3:1                ; 16 bits   ; 32 LEs        ; 0 LEs                ; 32 LEs                 ; Yes        ; |cpu_dec_slow|cpu_dec:C2|cpu15_mega_ram:C1|reg_wb:C7|REG_3[3]    ;
; 3:1                ; 16 bits   ; 32 LEs        ; 0 LEs                ; 32 LEs                 ; Yes        ; |cpu_dec_slow|cpu_dec:C2|cpu15_mega_ram:C1|reg_wb:C7|REG_4[1]    ;
; 3:1                ; 16 bits   ; 32 LEs        ; 0 LEs                ; 32 LEs                 ; Yes        ; |cpu_dec_slow|cpu_dec:C2|cpu15_mega_ram:C1|reg_wb:C7|REG_5[7]    ;
; 3:1                ; 16 bits   ; 32 LEs        ; 0 LEs                ; 32 LEs                 ; Yes        ; |cpu_dec_slow|cpu_dec:C2|cpu15_mega_ram:C1|reg_wb:C7|REG_6[1]    ;
; 3:1                ; 16 bits   ; 32 LEs        ; 0 LEs                ; 32 LEs                 ; Yes        ; |cpu_dec_slow|cpu_dec:C2|cpu15_mega_ram:C1|reg_wb:C7|REG_7[13]   ;
; 8:1                ; 16 bits   ; 80 LEs        ; 80 LEs               ; 0 LEs                  ; Yes        ; |cpu_dec_slow|cpu_dec:C2|cpu15_mega_ram:C1|reg_dc:C5|REG_OUT[0]  ;
; 8:1                ; 16 bits   ; 80 LEs        ; 80 LEs               ; 0 LEs                  ; Yes        ; |cpu_dec_slow|cpu_dec:C2|cpu15_mega_ram:C1|reg_dc:C4|REG_OUT[12] ;
; 12:1               ; 8 bits    ; 64 LEs        ; 0 LEs                ; 64 LEs                 ; Yes        ; |cpu_dec_slow|cpu_dec:C2|cpu15_mega_ram:C1|exec:C6|PC[5]         ;
; 15:1               ; 5 bits    ; 50 LEs        ; 35 LEs               ; 15 LEs                 ; Yes        ; |cpu_dec_slow|cpu_dec:C2|cpu15_mega_ram:C1|exec:C6|REG_IN[13]    ;
; 16:1               ; 9 bits    ; 90 LEs        ; 63 LEs               ; 27 LEs                 ; Yes        ; |cpu_dec_slow|cpu_dec:C2|cpu15_mega_ram:C1|exec:C6|REG_IN[2]     ;
; 7:1                ; 8 bits    ; 32 LEs        ; 32 LEs               ; 0 LEs                  ; No         ; |cpu_dec_slow|cpu_dec:C2|bin_dec10000:C2|REMINDER4[12]           ;
; 10:1               ; 4 bits    ; 24 LEs        ; 24 LEs               ; 0 LEs                  ; No         ; |cpu_dec_slow|cpu_dec:C2|bin_dec1000:C3|REMINDER3[9]             ;
; 10:1               ; 2 bits    ; 12 LEs        ; 12 LEs               ; 0 LEs                  ; No         ; |cpu_dec_slow|cpu_dec:C2|bin_dec100:C4|REMINDER2[5]              ;
+--------------------+-----------+---------------+----------------------+------------------------+------------+------------------------------------------------------------------+


+---------------------------------------------------------------------------------------------------------------------------------+
; Source assignments for cpu_dec:C2|cpu15_mega_ram:C1|fetch_rom:C2|altsyncram:altsyncram_component|altsyncram_ku14:auto_generated ;
+---------------------------------+--------------------+------+-------------------------------------------------------------------+
; Assignment                      ; Value              ; From ; To                                                                ;
+---------------------------------+--------------------+------+-------------------------------------------------------------------+
; OPTIMIZE_POWER_DURING_SYNTHESIS ; NORMAL_COMPILATION ; -    ; -                                                                 ;
+---------------------------------+--------------------+------+-------------------------------------------------------------------+


+--------------------------------------------------------------------------------------------------------------------------------------------+
; Source assignments for cpu_dec:C2|cpu15_mega_ram:C1|mega_ram:C8|ram_init:C1|altsyncram:altsyncram_component|altsyncram_a504:auto_generated ;
+---------------------------------+--------------------+------+------------------------------------------------------------------------------+
; Assignment                      ; Value              ; From ; To                                                                           ;
+---------------------------------+--------------------+------+------------------------------------------------------------------------------+
; OPTIMIZE_POWER_DURING_SYNTHESIS ; NORMAL_COMPILATION ; -    ; -                                                                            ;
+---------------------------------+--------------------+------+------------------------------------------------------------------------------+


+------------------------------------------------------------------------------------------------------------------------+
; Parameter Settings for User Entity Instance: cpu_dec:C2|cpu15_mega_ram:C1|fetch_rom:C2|altsyncram:altsyncram_component ;
+------------------------------------+----------------------+------------------------------------------------------------+
; Parameter Name                     ; Value                ; Type                                                       ;
+------------------------------------+----------------------+------------------------------------------------------------+
; BYTE_SIZE_BLOCK                    ; 8                    ; Untyped                                                    ;
; AUTO_CARRY_CHAINS                  ; ON                   ; AUTO_CARRY                                                 ;
; IGNORE_CARRY_BUFFERS               ; OFF                  ; IGNORE_CARRY                                               ;
; AUTO_CASCADE_CHAINS                ; ON                   ; AUTO_CASCADE                                               ;
; IGNORE_CASCADE_BUFFERS             ; OFF                  ; IGNORE_CASCADE                                             ;
; WIDTH_BYTEENA                      ; 1                    ; Untyped                                                    ;
; OPERATION_MODE                     ; ROM                  ; Untyped                                                    ;
; WIDTH_A                            ; 15                   ; Signed Integer                                             ;
; WIDTHAD_A                          ; 8                    ; Signed Integer                                             ;
; NUMWORDS_A                         ; 256                  ; Signed Integer                                             ;
; OUTDATA_REG_A                      ; UNREGISTERED         ; Untyped                                                    ;
; ADDRESS_ACLR_A                     ; NONE                 ; Untyped                                                    ;
; OUTDATA_ACLR_A                     ; NONE                 ; Untyped                                                    ;
; WRCONTROL_ACLR_A                   ; NONE                 ; Untyped                                                    ;
; INDATA_ACLR_A                      ; NONE                 ; Untyped                                                    ;
; BYTEENA_ACLR_A                     ; NONE                 ; Untyped                                                    ;
; WIDTH_B                            ; 1                    ; Signed Integer                                             ;
; WIDTHAD_B                          ; 1                    ; Signed Integer                                             ;
; NUMWORDS_B                         ; 0                    ; Signed Integer                                             ;
; INDATA_REG_B                       ; CLOCK1               ; Untyped                                                    ;
; WRCONTROL_WRADDRESS_REG_B          ; CLOCK1               ; Untyped                                                    ;
; RDCONTROL_REG_B                    ; CLOCK1               ; Untyped                                                    ;
; ADDRESS_REG_B                      ; CLOCK1               ; Untyped                                                    ;
; OUTDATA_REG_B                      ; UNREGISTERED         ; Untyped                                                    ;
; BYTEENA_REG_B                      ; CLOCK1               ; Untyped                                                    ;
; INDATA_ACLR_B                      ; NONE                 ; Untyped                                                    ;
; WRCONTROL_ACLR_B                   ; NONE                 ; Untyped                                                    ;
; ADDRESS_ACLR_B                     ; NONE                 ; Untyped                                                    ;
; OUTDATA_ACLR_B                     ; NONE                 ; Untyped                                                    ;
; RDCONTROL_ACLR_B                   ; NONE                 ; Untyped                                                    ;
; BYTEENA_ACLR_B                     ; NONE                 ; Untyped                                                    ;
; WIDTH_BYTEENA_A                    ; 1                    ; Signed Integer                                             ;
; WIDTH_BYTEENA_B                    ; 1                    ; Signed Integer                                             ;
; RAM_BLOCK_TYPE                     ; AUTO                 ; Untyped                                                    ;
; BYTE_SIZE                          ; 8                    ; Signed Integer                                             ;
; READ_DURING_WRITE_MODE_MIXED_PORTS ; DONT_CARE            ; Untyped                                                    ;
; READ_DURING_WRITE_MODE_PORT_A      ; NEW_DATA_NO_NBE_READ ; Untyped                                                    ;
; READ_DURING_WRITE_MODE_PORT_B      ; NEW_DATA_NO_NBE_READ ; Untyped                                                    ;
; INIT_FILE                          ; cpu15.mif            ; Untyped                                                    ;
; INIT_FILE_LAYOUT                   ; PORT_A               ; Untyped                                                    ;
; MAXIMUM_DEPTH                      ; 0                    ; Signed Integer                                             ;
; CLOCK_ENABLE_INPUT_A               ; BYPASS               ; Untyped                                                    ;
; CLOCK_ENABLE_INPUT_B               ; NORMAL               ; Untyped                                                    ;
; CLOCK_ENABLE_OUTPUT_A              ; BYPASS               ; Untyped                                                    ;
; CLOCK_ENABLE_OUTPUT_B              ; NORMAL               ; Untyped                                                    ;
; CLOCK_ENABLE_CORE_A                ; USE_INPUT_CLKEN      ; Untyped                                                    ;
; CLOCK_ENABLE_CORE_B                ; USE_INPUT_CLKEN      ; Untyped                                                    ;
; ENABLE_ECC                         ; FALSE                ; Untyped                                                    ;
; ECC_PIPELINE_STAGE_ENABLED         ; FALSE                ; Untyped                                                    ;
; WIDTH_ECCSTATUS                    ; 3                    ; Signed Integer                                             ;
; DEVICE_FAMILY                      ; Cyclone V            ; Untyped                                                    ;
; CBXI_PARAMETER                     ; altsyncram_ku14      ; Untyped                                                    ;
+------------------------------------+----------------------+------------------------------------------------------------+
Note: In order to hide this table in the UI and the text report file, please set the "Show Parameter Settings in Synthesis Report" option in "Analysis and Synthesis Settings -> More Settings" to "Off".


+-----------------------------------------------------------------------------------------------------------------------------------+
; Parameter Settings for User Entity Instance: cpu_dec:C2|cpu15_mega_ram:C1|mega_ram:C8|ram_init:C1|altsyncram:altsyncram_component ;
+------------------------------------+----------------------+-----------------------------------------------------------------------+
; Parameter Name                     ; Value                ; Type                                                                  ;
+------------------------------------+----------------------+-----------------------------------------------------------------------+
; BYTE_SIZE_BLOCK                    ; 8                    ; Untyped                                                               ;
; AUTO_CARRY_CHAINS                  ; ON                   ; AUTO_CARRY                                                            ;
; IGNORE_CARRY_BUFFERS               ; OFF                  ; IGNORE_CARRY                                                          ;
; AUTO_CASCADE_CHAINS                ; ON                   ; AUTO_CASCADE                                                          ;
; IGNORE_CASCADE_BUFFERS             ; OFF                  ; IGNORE_CASCADE                                                        ;
; WIDTH_BYTEENA                      ; 1                    ; Untyped                                                               ;
; OPERATION_MODE                     ; SINGLE_PORT          ; Untyped                                                               ;
; WIDTH_A                            ; 16                   ; Signed Integer                                                        ;
; WIDTHAD_A                          ; 6                    ; Signed Integer                                                        ;
; NUMWORDS_A                         ; 64                   ; Signed Integer                                                        ;
; OUTDATA_REG_A                      ; UNREGISTERED         ; Untyped                                                               ;
; ADDRESS_ACLR_A                     ; NONE                 ; Untyped                                                               ;
; OUTDATA_ACLR_A                     ; NONE                 ; Untyped                                                               ;
; WRCONTROL_ACLR_A                   ; NONE                 ; Untyped                                                               ;
; INDATA_ACLR_A                      ; NONE                 ; Untyped                                                               ;
; BYTEENA_ACLR_A                     ; NONE                 ; Untyped                                                               ;
; WIDTH_B                            ; 1                    ; Signed Integer                                                        ;
; WIDTHAD_B                          ; 1                    ; Signed Integer                                                        ;
; NUMWORDS_B                         ; 0                    ; Signed Integer                                                        ;
; INDATA_REG_B                       ; CLOCK1               ; Untyped                                                               ;
; WRCONTROL_WRADDRESS_REG_B          ; CLOCK1               ; Untyped                                                               ;
; RDCONTROL_REG_B                    ; CLOCK1               ; Untyped                                                               ;
; ADDRESS_REG_B                      ; CLOCK1               ; Untyped                                                               ;
; OUTDATA_REG_B                      ; UNREGISTERED         ; Untyped                                                               ;
; BYTEENA_REG_B                      ; CLOCK1               ; Untyped                                                               ;
; INDATA_ACLR_B                      ; NONE                 ; Untyped                                                               ;
; WRCONTROL_ACLR_B                   ; NONE                 ; Untyped                                                               ;
; ADDRESS_ACLR_B                     ; NONE                 ; Untyped                                                               ;
; OUTDATA_ACLR_B                     ; NONE                 ; Untyped                                                               ;
; RDCONTROL_ACLR_B                   ; NONE                 ; Untyped                                                               ;
; BYTEENA_ACLR_B                     ; NONE                 ; Untyped                                                               ;
; WIDTH_BYTEENA_A                    ; 1                    ; Signed Integer                                                        ;
; WIDTH_BYTEENA_B                    ; 1                    ; Signed Integer                                                        ;
; RAM_BLOCK_TYPE                     ; AUTO                 ; Untyped                                                               ;
; BYTE_SIZE                          ; 8                    ; Signed Integer                                                        ;
; READ_DURING_WRITE_MODE_MIXED_PORTS ; DONT_CARE            ; Untyped                                                               ;
; READ_DURING_WRITE_MODE_PORT_A      ; NEW_DATA_NO_NBE_READ ; Untyped                                                               ;
; READ_DURING_WRITE_MODE_PORT_B      ; NEW_DATA_NO_NBE_READ ; Untyped                                                               ;
; INIT_FILE                          ; UNUSED               ; Untyped                                                               ;
; INIT_FILE_LAYOUT                   ; PORT_A               ; Untyped                                                               ;
; MAXIMUM_DEPTH                      ; 0                    ; Signed Integer                                                        ;
; CLOCK_ENABLE_INPUT_A               ; BYPASS               ; Untyped                                                               ;
; CLOCK_ENABLE_INPUT_B               ; NORMAL               ; Untyped                                                               ;
; CLOCK_ENABLE_OUTPUT_A              ; BYPASS               ; Untyped                                                               ;
; CLOCK_ENABLE_OUTPUT_B              ; NORMAL               ; Untyped                                                               ;
; CLOCK_ENABLE_CORE_A                ; USE_INPUT_CLKEN      ; Untyped                                                               ;
; CLOCK_ENABLE_CORE_B                ; USE_INPUT_CLKEN      ; Untyped                                                               ;
; ENABLE_ECC                         ; FALSE                ; Untyped                                                               ;
; ECC_PIPELINE_STAGE_ENABLED         ; FALSE                ; Untyped                                                               ;
; WIDTH_ECCSTATUS                    ; 3                    ; Signed Integer                                                        ;
; DEVICE_FAMILY                      ; Cyclone V            ; Untyped                                                               ;
; CBXI_PARAMETER                     ; altsyncram_a504      ; Untyped                                                               ;
+------------------------------------+----------------------+-----------------------------------------------------------------------+
Note: In order to hide this table in the UI and the text report file, please set the "Show Parameter Settings in Synthesis Report" option in "Analysis and Synthesis Settings -> More Settings" to "Off".


+----------------------------------------------------------------------------------------------------------------------------------+
; altsyncram Parameter Settings by Entity Instance                                                                                 ;
+-------------------------------------------+--------------------------------------------------------------------------------------+
; Name                                      ; Value                                                                                ;
+-------------------------------------------+--------------------------------------------------------------------------------------+
; Number of entity instances                ; 2                                                                                    ;
; Entity Instance                           ; cpu_dec:C2|cpu15_mega_ram:C1|fetch_rom:C2|altsyncram:altsyncram_component            ;
;     -- OPERATION_MODE                     ; ROM                                                                                  ;
;     -- WIDTH_A                            ; 15                                                                                   ;
;     -- NUMWORDS_A                         ; 256                                                                                  ;
;     -- OUTDATA_REG_A                      ; UNREGISTERED                                                                         ;
;     -- WIDTH_B                            ; 1                                                                                    ;
;     -- NUMWORDS_B                         ; 0                                                                                    ;
;     -- ADDRESS_REG_B                      ; CLOCK1                                                                               ;
;     -- OUTDATA_REG_B                      ; UNREGISTERED                                                                         ;
;     -- RAM_BLOCK_TYPE                     ; AUTO                                                                                 ;
;     -- READ_DURING_WRITE_MODE_MIXED_PORTS ; DONT_CARE                                                                            ;
; Entity Instance                           ; cpu_dec:C2|cpu15_mega_ram:C1|mega_ram:C8|ram_init:C1|altsyncram:altsyncram_component ;
;     -- OPERATION_MODE                     ; SINGLE_PORT                                                                          ;
;     -- WIDTH_A                            ; 16                                                                                   ;
;     -- NUMWORDS_A                         ; 64                                                                                   ;
;     -- OUTDATA_REG_A                      ; UNREGISTERED                                                                         ;
;     -- WIDTH_B                            ; 1                                                                                    ;
;     -- NUMWORDS_B                         ; 0                                                                                    ;
;     -- ADDRESS_REG_B                      ; CLOCK1                                                                               ;
;     -- OUTDATA_REG_B                      ; UNREGISTERED                                                                         ;
;     -- RAM_BLOCK_TYPE                     ; AUTO                                                                                 ;
;     -- READ_DURING_WRITE_MODE_MIXED_PORTS ; DONT_CARE                                                                            ;
+-------------------------------------------+--------------------------------------------------------------------------------------+


+----------------------------------------------------------------------+
; Port Connectivity Checks: "cpu_dec:C2|cpu15_mega_ram:C1|mega_ram:C8" ;
+-----------------+-------+----------+---------------------------------+
; Port            ; Type  ; Severity ; Details                         ;
+-----------------+-------+----------+---------------------------------+
; io65_in[15..10] ; Input ; Info     ; Stuck at GND                    ;
+-----------------+-------+----------+---------------------------------+


+---------------------------------------------------------------------------------------------------------------------+
; Port Connectivity Checks: "cpu_dec:C2|cpu15_mega_ram:C1|reg_dc:C5"                                                  ;
+-----------+--------+----------+-------------------------------------------------------------------------------------+
; Port      ; Type   ; Severity ; Details                                                                             ;
+-----------+--------+----------+-------------------------------------------------------------------------------------+
; n_reg_out ; Output ; Info     ; Connected to dangling logic. Logic that only feeds a dangling port will be removed. ;
+-----------+--------+----------+-------------------------------------------------------------------------------------+


+----------------------------------------------------------+
; Port Connectivity Checks: "cpu_dec:C2|cpu15_mega_ram:C1" ;
+-----------------+-------+----------+---------------------+
; Port            ; Type  ; Severity ; Details             ;
+-----------------+-------+----------+---------------------+
; io65_in[15..10] ; Input ; Info     ; Stuck at GND        ;
+-----------------+-------+----------+---------------------+


+-----------------------------------------------------+
; Post-Synthesis Netlist Statistics for Top Partition ;
+-----------------------+-----------------------------+
; Type                  ; Count                       ;
+-----------------------+-----------------------------+
; arriav_ff             ; 261                         ;
;     ENA               ; 41                          ;
;     ENA SCLR          ; 137                         ;
;     ENA SCLR SLD      ; 8                           ;
;     SCLR              ; 1                           ;
;     plain             ; 74                          ;
; arriav_lcell_comb     ; 595                         ;
;     arith             ; 135                         ;
;         1 data inputs ; 108                         ;
;         2 data inputs ; 17                          ;
;         4 data inputs ; 10                          ;
;     extend            ; 9                           ;
;         7 data inputs ; 9                           ;
;     normal            ; 435                         ;
;         1 data inputs ; 8                           ;
;         2 data inputs ; 26                          ;
;         3 data inputs ; 77                          ;
;         4 data inputs ; 66                          ;
;         5 data inputs ; 70                          ;
;         6 data inputs ; 188                         ;
;     shared            ; 16                          ;
;         2 data inputs ; 16                          ;
; boundary_port         ; 69                          ;
; stratixv_ram_block    ; 31                          ;
;                       ;                             ;
; Max LUT depth         ; 17.00                       ;
; Average LUT depth     ; 7.66                        ;
+-----------------------+-----------------------------+


+-------------------------------+
; Elapsed Time Per Partition    ;
+----------------+--------------+
; Partition Name ; Elapsed Time ;
+----------------+--------------+
; Top            ; 00:00:01     ;
+----------------+--------------+


+-------------------------------+
; Analysis & Synthesis Messages ;
+-------------------------------+
Info: *******************************************************************
Info: Running Quartus Prime Analysis & Synthesis
    Info: Version 18.1.0 Build 625 09/12/2018 SJ Lite Edition
    Info: Processing started: Wed Mar 17 02:01:44 2021
Info: Command: quartus_map --read_settings_files=on --write_settings_files=off cpu_3 -c cpu_3
Warning (18236): Number of processors has not been specified which may cause overloading on shared machines.  Set the global assignment NUM_PARALLEL_PROCESSORS in your QSF to an appropriate value for best performance.
Info (20030): Parallel compilation is enabled and will use 6 of the 6 processors detected
Info (12021): Found 2 design units, including 1 entities, in source file cpu15_mega_ram.vhd
    Info (12022): Found design unit 1: cpu15_mega_ram-RTL File: E:/fpga_workspace/cpu_3/cpu15_mega_ram.vhd Line: 18
    Info (12023): Found entity 1: cpu15_mega_ram File: E:/fpga_workspace/cpu_3/cpu15_mega_ram.vhd Line: 6
Info (12021): Found 2 design units, including 1 entities, in source file mega_ram.vhd
    Info (12022): Found design unit 1: mega_ram-RTL File: E:/fpga_workspace/cpu_3/mega_ram.vhd Line: 20
    Info (12023): Found entity 1: mega_ram File: E:/fpga_workspace/cpu_3/mega_ram.vhd Line: 5
Info (12021): Found 2 design units, including 1 entities, in source file fetch_rom.vhd
    Info (12022): Found design unit 1: fetch_rom-SYN File: E:/fpga_workspace/cpu_3/fetch_rom.vhd Line: 52
    Info (12023): Found entity 1: fetch_rom File: E:/fpga_workspace/cpu_3/fetch_rom.vhd Line: 42
Info (12021): Found 2 design units, including 1 entities, in source file segment_decoder.vhd
    Info (12022): Found design unit 1: segment_decoder-RTL File: E:/fpga_workspace/cpu_3/segment_decoder.vhd Line: 13
    Info (12023): Found entity 1: segment_decoder File: E:/fpga_workspace/cpu_3/segment_decoder.vhd Line: 4
Info (12021): Found 2 design units, including 1 entities, in source file reg_wb.vhd
    Info (12022): Found design unit 1: reg_wb-RTL File: E:/fpga_workspace/cpu_3/reg_wb.vhd Line: 25
    Info (12023): Found entity 1: reg_wb File: E:/fpga_workspace/cpu_3/reg_wb.vhd Line: 4
Info (12021): Found 2 design units, including 1 entities, in source file reg_dc.vhd
    Info (12022): Found design unit 1: reg_dc-RTL File: E:/fpga_workspace/cpu_3/reg_dc.vhd Line: 24
    Info (12023): Found entity 1: reg_dc File: E:/fpga_workspace/cpu_3/reg_dc.vhd Line: 4
Info (12021): Found 2 design units, including 1 entities, in source file exec.vhd
    Info (12022): Found design unit 1: exec-RTL File: E:/fpga_workspace/cpu_3/exec.vhd Line: 24
    Info (12023): Found entity 1: exec File: E:/fpga_workspace/cpu_3/exec.vhd Line: 5
Info (12021): Found 2 design units, including 1 entities, in source file decode.vhd
    Info (12022): Found design unit 1: decode-RTL File: E:/fpga_workspace/cpu_3/decode.vhd Line: 16
    Info (12023): Found entity 1: decode File: E:/fpga_workspace/cpu_3/decode.vhd Line: 4
Info (12021): Found 2 design units, including 1 entities, in source file cpu_dec_slow.vhd
    Info (12022): Found design unit 1: cpu_dec_slow-RTL File: E:/fpga_workspace/cpu_3/cpu_dec_slow.vhd Line: 20
    Info (12023): Found entity 1: cpu_dec_slow File: E:/fpga_workspace/cpu_3/cpu_dec_slow.vhd Line: 4
Info (12021): Found 2 design units, including 1 entities, in source file cpu_dec.vhd
    Info (12022): Found design unit 1: cpu_dec-RTL File: E:/fpga_workspace/cpu_3/cpu_dec.vhd Line: 20
    Info (12023): Found entity 1: cpu_dec File: E:/fpga_workspace/cpu_3/cpu_dec.vhd Line: 4
Info (12021): Found 2 design units, including 1 entities, in source file clk_gen.vhd
    Info (12022): Found design unit 1: clk_gen-RTL File: E:/fpga_workspace/cpu_3/clk_gen.vhd Line: 18
    Info (12023): Found entity 1: clk_gen File: E:/fpga_workspace/cpu_3/clk_gen.vhd Line: 6
Info (12021): Found 2 design units, including 1 entities, in source file clk_down.vhd
    Info (12022): Found design unit 1: clk_down-RTL File: E:/fpga_workspace/cpu_3/clk_down.vhd Line: 14
    Info (12023): Found entity 1: clk_down File: E:/fpga_workspace/cpu_3/clk_down.vhd Line: 5
Info (12021): Found 2 design units, including 1 entities, in source file bin_dec10000.vhd
    Info (12022): Found design unit 1: bin_dec10000-RTL File: E:/fpga_workspace/cpu_3/bin_dec10000.vhd Line: 18
    Info (12023): Found entity 1: bin_dec10000 File: E:/fpga_workspace/cpu_3/bin_dec10000.vhd Line: 7
Info (12021): Found 2 design units, including 1 entities, in source file bin_dec1000.vhd
    Info (12022): Found design unit 1: bin_dec1000-RTL File: E:/fpga_workspace/cpu_3/bin_dec1000.vhd Line: 18
    Info (12023): Found entity 1: bin_dec1000 File: E:/fpga_workspace/cpu_3/bin_dec1000.vhd Line: 7
Info (12021): Found 2 design units, including 1 entities, in source file bin_dec100.vhd
    Info (12022): Found design unit 1: bin_dec100-RTL File: E:/fpga_workspace/cpu_3/bin_dec100.vhd Line: 18
    Info (12023): Found entity 1: bin_dec100 File: E:/fpga_workspace/cpu_3/bin_dec100.vhd Line: 7
Info (12021): Found 2 design units, including 1 entities, in source file bin_dec10.vhd
    Info (12022): Found design unit 1: bin_dec10-RTL File: E:/fpga_workspace/cpu_3/bin_dec10.vhd Line: 18
    Info (12023): Found entity 1: bin_dec10 File: E:/fpga_workspace/cpu_3/bin_dec10.vhd Line: 7
Info (12021): Found 2 design units, including 1 entities, in source file ram_init.vhd
    Info (12022): Found design unit 1: ram_init-SYN File: E:/fpga_workspace/cpu_3/ram_init.vhd Line: 54
    Info (12023): Found entity 1: ram_init File: E:/fpga_workspace/cpu_3/ram_init.vhd Line: 42
Info (12127): Elaborating entity "cpu_dec_slow" for the top level hierarchy
Info (12128): Elaborating entity "clk_down" for hierarchy "clk_down:C1" File: E:/fpga_workspace/cpu_3/cpu_dec_slow.vhd Line: 50
Info (12128): Elaborating entity "cpu_dec" for hierarchy "cpu_dec:C2" File: E:/fpga_workspace/cpu_3/cpu_dec_slow.vhd Line: 56
Info (12128): Elaborating entity "cpu15_mega_ram" for hierarchy "cpu_dec:C2|cpu15_mega_ram:C1" File: E:/fpga_workspace/cpu_3/cpu_dec.vhd Line: 86
Warning (10036): Verilog HDL or VHDL warning at cpu15_mega_ram.vhd(156): object "N_REG_B" assigned a value but never read File: E:/fpga_workspace/cpu_3/cpu15_mega_ram.vhd Line: 156
Info (12128): Elaborating entity "clk_gen" for hierarchy "cpu_dec:C2|cpu15_mega_ram:C1|clk_gen:C1" File: E:/fpga_workspace/cpu_3/cpu15_mega_ram.vhd Line: 179
Info (12128): Elaborating entity "fetch_rom" for hierarchy "cpu_dec:C2|cpu15_mega_ram:C1|fetch_rom:C2" File: E:/fpga_workspace/cpu_3/cpu15_mega_ram.vhd Line: 188
Info (12128): Elaborating entity "altsyncram" for hierarchy "cpu_dec:C2|cpu15_mega_ram:C1|fetch_rom:C2|altsyncram:altsyncram_component" File: E:/fpga_workspace/cpu_3/fetch_rom.vhd Line: 59
Info (12130): Elaborated megafunction instantiation "cpu_dec:C2|cpu15_mega_ram:C1|fetch_rom:C2|altsyncram:altsyncram_component" File: E:/fpga_workspace/cpu_3/fetch_rom.vhd Line: 59
Info (12133): Instantiated megafunction "cpu_dec:C2|cpu15_mega_ram:C1|fetch_rom:C2|altsyncram:altsyncram_component" with the following parameter: File: E:/fpga_workspace/cpu_3/fetch_rom.vhd Line: 59
    Info (12134): Parameter "address_aclr_a" = "NONE"
    Info (12134): Parameter "address_aclr_b" = "NONE"
    Info (12134): Parameter "address_reg_b" = "CLOCK1"
    Info (12134): Parameter "byte_size" = "8"
    Info (12134): Parameter "byteena_aclr_a" = "UNUSED"
    Info (12134): Parameter "byteena_aclr_b" = "NONE"
    Info (12134): Parameter "byteena_reg_b" = "CLOCK1"
    Info (12134): Parameter "clock_enable_core_a" = "USE_INPUT_CLKEN"
    Info (12134): Parameter "clock_enable_core_b" = "USE_INPUT_CLKEN"
    Info (12134): Parameter "clock_enable_input_a" = "BYPASS"
    Info (12134): Parameter "clock_enable_input_b" = "NORMAL"
    Info (12134): Parameter "clock_enable_output_a" = "BYPASS"
    Info (12134): Parameter "clock_enable_output_b" = "NORMAL"
    Info (12134): Parameter "intended_device_family" = "Cyclone V"
    Info (12134): Parameter "ecc_pipeline_stage_enabled" = "FALSE"
    Info (12134): Parameter "enable_ecc" = "FALSE"
    Info (12134): Parameter "implement_in_les" = "OFF"
    Info (12134): Parameter "indata_aclr_a" = "UNUSED"
    Info (12134): Parameter "indata_aclr_b" = "NONE"
    Info (12134): Parameter "indata_reg_b" = "CLOCK1"
    Info (12134): Parameter "init_file" = "cpu15.mif"
    Info (12134): Parameter "init_file_layout" = "PORT_A"
    Info (12134): Parameter "maximum_depth" = "0"
    Info (12134): Parameter "numwords_a" = "256"
    Info (12134): Parameter "numwords_b" = "0"
    Info (12134): Parameter "operation_mode" = "ROM"
    Info (12134): Parameter "outdata_aclr_a" = "NONE"
    Info (12134): Parameter "outdata_aclr_b" = "NONE"
    Info (12134): Parameter "outdata_reg_a" = "UNREGISTERED"
    Info (12134): Parameter "outdata_reg_b" = "UNREGISTERED"
    Info (12134): Parameter "power_up_uninitialized" = "FALSE"
    Info (12134): Parameter "ram_block_type" = "AUTO"
    Info (12134): Parameter "rdcontrol_aclr_b" = "NONE"
    Info (12134): Parameter "rdcontrol_reg_b" = "CLOCK1"
    Info (12134): Parameter "read_during_write_mode_mixed_ports" = "DONT_CARE"
    Info (12134): Parameter "read_during_write_mode_port_a" = "NEW_DATA_NO_NBE_READ"
    Info (12134): Parameter "read_during_write_mode_port_b" = "NEW_DATA_NO_NBE_READ"
    Info (12134): Parameter "stratixiv_m144k_allow_dual_clocks" = "ON"
    Info (12134): Parameter "width_a" = "15"
    Info (12134): Parameter "width_b" = "1"
    Info (12134): Parameter "width_byteena_a" = "1"
    Info (12134): Parameter "width_byteena_b" = "1"
    Info (12134): Parameter "width_eccstatus" = "3"
    Info (12134): Parameter "widthad_a" = "8"
    Info (12134): Parameter "widthad_b" = "1"
    Info (12134): Parameter "wrcontrol_aclr_a" = "UNUSED"
    Info (12134): Parameter "wrcontrol_aclr_b" = "NONE"
    Info (12134): Parameter "wrcontrol_wraddress_reg_b" = "CLOCK1"
    Info (12134): Parameter "lpm_hint" = "ENABLE_RUNTIME_MOD=NO"
    Info (12134): Parameter "lpm_type" = "altsyncram"
Info (12021): Found 1 design units, including 1 entities, in source file db/altsyncram_ku14.tdf
    Info (12023): Found entity 1: altsyncram_ku14 File: E:/fpga_workspace/cpu_3/db/altsyncram_ku14.tdf Line: 27
Info (12128): Elaborating entity "altsyncram_ku14" for hierarchy "cpu_dec:C2|cpu15_mega_ram:C1|fetch_rom:C2|altsyncram:altsyncram_component|altsyncram_ku14:auto_generated" File: c:/intelfpga_lite/18.1/quartus/libraries/megafunctions/altsyncram.tdf Line: 791
Info (12128): Elaborating entity "decode" for hierarchy "cpu_dec:C2|cpu15_mega_ram:C1|decode:C3" File: E:/fpga_workspace/cpu_3/cpu15_mega_ram.vhd Line: 195
Info (12128): Elaborating entity "reg_dc" for hierarchy "cpu_dec:C2|cpu15_mega_ram:C1|reg_dc:C4" File: E:/fpga_workspace/cpu_3/cpu15_mega_ram.vhd Line: 204
Info (12128): Elaborating entity "exec" for hierarchy "cpu_dec:C2|cpu15_mega_ram:C1|exec:C6" File: E:/fpga_workspace/cpu_3/cpu15_mega_ram.vhd Line: 238
Info (12128): Elaborating entity "reg_wb" for hierarchy "cpu_dec:C2|cpu15_mega_ram:C1|reg_wb:C7" File: E:/fpga_workspace/cpu_3/cpu15_mega_ram.vhd Line: 254
Info (12128): Elaborating entity "mega_ram" for hierarchy "cpu_dec:C2|cpu15_mega_ram:C1|mega_ram:C8" File: E:/fpga_workspace/cpu_3/cpu15_mega_ram.vhd Line: 271
Info (12128): Elaborating entity "ram_init" for hierarchy "cpu_dec:C2|cpu15_mega_ram:C1|mega_ram:C8|ram_init:C1" File: E:/fpga_workspace/cpu_3/mega_ram.vhd Line: 41
Info (12128): Elaborating entity "altsyncram" for hierarchy "cpu_dec:C2|cpu15_mega_ram:C1|mega_ram:C8|ram_init:C1|altsyncram:altsyncram_component" File: E:/fpga_workspace/cpu_3/ram_init.vhd Line: 61
Info (12130): Elaborated megafunction instantiation "cpu_dec:C2|cpu15_mega_ram:C1|mega_ram:C8|ram_init:C1|altsyncram:altsyncram_component" File: E:/fpga_workspace/cpu_3/ram_init.vhd Line: 61
Info (12133): Instantiated megafunction "cpu_dec:C2|cpu15_mega_ram:C1|mega_ram:C8|ram_init:C1|altsyncram:altsyncram_component" with the following parameter: File: E:/fpga_workspace/cpu_3/ram_init.vhd Line: 61
    Info (12134): Parameter "address_aclr_a" = "UNUSED"
    Info (12134): Parameter "address_aclr_b" = "NONE"
    Info (12134): Parameter "address_reg_b" = "CLOCK1"
    Info (12134): Parameter "byte_size" = "8"
    Info (12134): Parameter "byteena_aclr_a" = "UNUSED"
    Info (12134): Parameter "byteena_aclr_b" = "NONE"
    Info (12134): Parameter "byteena_reg_b" = "CLOCK1"
    Info (12134): Parameter "clock_enable_core_a" = "USE_INPUT_CLKEN"
    Info (12134): Parameter "clock_enable_core_b" = "USE_INPUT_CLKEN"
    Info (12134): Parameter "clock_enable_input_a" = "BYPASS"
    Info (12134): Parameter "clock_enable_input_b" = "NORMAL"
    Info (12134): Parameter "clock_enable_output_a" = "BYPASS"
    Info (12134): Parameter "clock_enable_output_b" = "NORMAL"
    Info (12134): Parameter "intended_device_family" = "Cyclone V"
    Info (12134): Parameter "ecc_pipeline_stage_enabled" = "FALSE"
    Info (12134): Parameter "enable_ecc" = "FALSE"
    Info (12134): Parameter "implement_in_les" = "OFF"
    Info (12134): Parameter "indata_aclr_a" = "UNUSED"
    Info (12134): Parameter "indata_aclr_b" = "NONE"
    Info (12134): Parameter "indata_reg_b" = "CLOCK1"
    Info (12134): Parameter "init_file" = "UNUSED"
    Info (12134): Parameter "init_file_layout" = "PORT_A"
    Info (12134): Parameter "maximum_depth" = "0"
    Info (12134): Parameter "numwords_a" = "64"
    Info (12134): Parameter "numwords_b" = "0"
    Info (12134): Parameter "operation_mode" = "SINGLE_PORT"
    Info (12134): Parameter "outdata_aclr_a" = "NONE"
    Info (12134): Parameter "outdata_aclr_b" = "NONE"
    Info (12134): Parameter "outdata_reg_a" = "UNREGISTERED"
    Info (12134): Parameter "outdata_reg_b" = "UNREGISTERED"
    Info (12134): Parameter "power_up_uninitialized" = "FALSE"
    Info (12134): Parameter "ram_block_type" = "AUTO"
    Info (12134): Parameter "rdcontrol_aclr_b" = "NONE"
    Info (12134): Parameter "rdcontrol_reg_b" = "CLOCK1"
    Info (12134): Parameter "read_during_write_mode_mixed_ports" = "DONT_CARE"
    Info (12134): Parameter "read_during_write_mode_port_a" = "NEW_DATA_NO_NBE_READ"
    Info (12134): Parameter "read_during_write_mode_port_b" = "NEW_DATA_NO_NBE_READ"
    Info (12134): Parameter "stratixiv_m144k_allow_dual_clocks" = "ON"
    Info (12134): Parameter "width_a" = "16"
    Info (12134): Parameter "width_b" = "1"
    Info (12134): Parameter "width_byteena_a" = "1"
    Info (12134): Parameter "width_byteena_b" = "1"
    Info (12134): Parameter "width_eccstatus" = "3"
    Info (12134): Parameter "widthad_a" = "6"
    Info (12134): Parameter "widthad_b" = "1"
    Info (12134): Parameter "wrcontrol_aclr_a" = "UNUSED"
    Info (12134): Parameter "wrcontrol_aclr_b" = "NONE"
    Info (12134): Parameter "wrcontrol_wraddress_reg_b" = "CLOCK1"
    Info (12134): Parameter "lpm_hint" = "ENABLE_RUNTIME_MOD=NO"
    Info (12134): Parameter "lpm_type" = "altsyncram"
Info (12021): Found 1 design units, including 1 entities, in source file db/altsyncram_a504.tdf
    Info (12023): Found entity 1: altsyncram_a504 File: E:/fpga_workspace/cpu_3/db/altsyncram_a504.tdf Line: 27
Info (12128): Elaborating entity "altsyncram_a504" for hierarchy "cpu_dec:C2|cpu15_mega_ram:C1|mega_ram:C8|ram_init:C1|altsyncram:altsyncram_component|altsyncram_a504:auto_generated" File: c:/intelfpga_lite/18.1/quartus/libraries/megafunctions/altsyncram.tdf Line: 791
Info (12128): Elaborating entity "bin_dec10000" for hierarchy "cpu_dec:C2|bin_dec10000:C2" File: E:/fpga_workspace/cpu_3/cpu_dec.vhd Line: 93
Info (12128): Elaborating entity "bin_dec1000" for hierarchy "cpu_dec:C2|bin_dec1000:C3" File: E:/fpga_workspace/cpu_3/cpu_dec.vhd Line: 99
Info (12128): Elaborating entity "bin_dec100" for hierarchy "cpu_dec:C2|bin_dec100:C4" File: E:/fpga_workspace/cpu_3/cpu_dec.vhd Line: 105
Info (12128): Elaborating entity "bin_dec10" for hierarchy "cpu_dec:C2|bin_dec10:C5" File: E:/fpga_workspace/cpu_3/cpu_dec.vhd Line: 111
Info (12128): Elaborating entity "segment_decoder" for hierarchy "cpu_dec:C2|segment_decoder:C6" File: E:/fpga_workspace/cpu_3/cpu_dec.vhd Line: 117
Info (286030): Timing-Driven Synthesis is running
Info (16010): Generating hard_block partition "hard_block:auto_generated_inst"
    Info (16011): Adding 0 node(s), including 0 DDIO, 0 PLL, 0 transceiver and 0 LCELL
Warning (21074): Design contains 6 input pin(s) that do not drive logic
    Warning (15610): No output dependent on input pin "IO65_IN[10]" File: E:/fpga_workspace/cpu_3/cpu_dec_slow.vhd Line: 9
    Warning (15610): No output dependent on input pin "IO65_IN[11]" File: E:/fpga_workspace/cpu_3/cpu_dec_slow.vhd Line: 9
    Warning (15610): No output dependent on input pin "IO65_IN[12]" File: E:/fpga_workspace/cpu_3/cpu_dec_slow.vhd Line: 9
    Warning (15610): No output dependent on input pin "IO65_IN[13]" File: E:/fpga_workspace/cpu_3/cpu_dec_slow.vhd Line: 9
    Warning (15610): No output dependent on input pin "IO65_IN[14]" File: E:/fpga_workspace/cpu_3/cpu_dec_slow.vhd Line: 9
    Warning (15610): No output dependent on input pin "IO65_IN[15]" File: E:/fpga_workspace/cpu_3/cpu_dec_slow.vhd Line: 9
Info (21057): Implemented 864 device resources after synthesis - the final resource count might be different
    Info (21058): Implemented 18 input pins
    Info (21059): Implemented 51 output pins
    Info (21061): Implemented 764 logic cells
    Info (21064): Implemented 31 RAM segments
Info: Quartus Prime Analysis & Synthesis was successful. 0 errors, 9 warnings
    Info: Peak virtual memory: 4906 megabytes
    Info: Processing ended: Wed Mar 17 02:01:55 2021
    Info: Elapsed time: 00:00:11
    Info: Total CPU time (on all processors): 00:00:19


